<?xml version="1.0" encoding="UTF-8"?>
<!-- Generated by org.testng.reporters.JUnitReportReporter -->
<testsuite hostname="LAPTOP-GAUPM6CM" failures="0" tests="3" name="jul12th.TestNGDemo2" time="0.014" errors="0" timestamp="2023-07-13T08:56:06 IST" skipped="0">
  <testcase classname="jul12th.TestNGDemo2" name="registrationTest" time="0.006"/>
  <system-out/>
  <testcase classname="jul12th.TestNGDemo2" name="loginTest" time="0.007"/>
  <system-out/>
  <testcase classname="jul12th.TestNGDemo2" name="changePasswordTest" time="0.001"/>
  <system-out/>
</testsuite> <!-- jul12th.TestNGDemo2 -->
